14-11-2022:=> Message:card validation failed: id: Cast to ObjectId failed for value "1" (type number) at path "id" because of "BSONTypeError", Status:404
14-11-2022 19:46:12:=> Res:  Message:Unexpected token / in JSON at position 167, Status:500
14-11-2022 19:46:12:=> Res:  Message:Unexpected token / in JSON at position 202, Status:500
14-11-2022 19:49:39:=> Res:  Message:Unexpected token / in JSON at position 202, Status:500
14-11-2022 19:49:39:=> Res:  Message:Unexpected token / in JSON at position 167, Status:500
14-11-2022 19:51:21:=> Res:  Message:Unexpected token / in JSON at position 167, Status:500
14-11-2022 19:51:21:=> Res:  Message:Unexpected token / in JSON at position 106, Status:500
14-11-2022 19:52:24:=> Res:  Message:Unexpected token / in JSON at position 106, Status:500
14-11-2022 19:53:51:=> Res:  Message:Unexpected token / in JSON at position 106, Status:500
14-11-2022 19:54:6:=> Res:  Message:Unexpected token / in JSON at position 106, Status:500
14-11-2022 19:54:40:=> Res:  Message:Unexpected token / in JSON at position 106, Status:500
14-11-2022 19:54:58:=> Res:  Message:Unexpected token / in JSON at position 106, Status:500
14-11-2022 19:55:36:=> Res:  Message:Unexpected token / in JSON at position 106, Status:500
14-11-2022 19:55:36:=> Res:  Message:Unexpected token / in JSON at position 106, Status:500
14-11-2022 19:55:43:=> Res:  Message:Unexpected token / in JSON at position 0, Status:500
14-11-2022 19:55:43:=> Res:  Message:Unexpected token / in JSON at position 0, Status:500
14-11-2022 19:56:59:=> Res:  Message:Unexpected token / in JSON at position 106, Status:500
14-11-2022 20:8:21:=> Res:  Message:card validation failed: id: Cast to ObjectId failed for value "1" (type number) at path "id" because of "BSONTypeError", Status:404
14-11-2022 20:8:21:=> Res:  Message:Cannot overwrite `card` model once compiled., Status:404
14-11-2022 20:15:48:=> Res:  Message:mongoose.v is not a constructor, Status:404
14-11-2022 20:15:48:=> Res:  Message:mongoose.v is not a constructor, Status:404
14-11-2022 20:15:48:=> Res:  Message:mongoose.v is not a constructor, Status:404
14-11-2022 20:17:9:=> Res:  Message:card validation failed: title: Path `title` (`m`) is shorter than the minimum allowed length (2)., Status:404
14-11-2022 20:17:9:=> Res:  Message:Cannot overwrite `card` model once compiled., Status:404
14-11-2022 20:18:24:=> Res:  Message:card validation failed: title: Path `title` is required., Status:404
14-11-2022 20:18:39:=> Res:  Message:card validation failed: title: Path `title` (``) is shorter than the minimum allowed length (2)., Status:404
14-11-2022 20:18:39:=> Res:  Message:Cannot overwrite `card` model once compiled., Status:404
14-11-2022 20:19:6:=> Res:  Message:card validation failed: title: Path `title` is required., Status:404
14-11-2022 20:19:6:=> Res:  Message:Cannot overwrite `card` model once compiled., Status:404
14-11-2022 20:19:6:=> Res:  Message:Cannot overwrite `card` model once compiled., Status:404
14-11-2022 20:19:6:=> Res:  Message:Cannot overwrite `card` model once compiled., Status:404
14-11-2022 20:19:6:=> Res:  Message:Cannot overwrite `card` model once compiled., Status:404
14-11-2022 20:20:6:=> Res:  Message:Cannot overwrite `card` model once compiled., Status:404
14-11-2022 20:20:6:=> Res:  Message:Cannot overwrite `card` model once compiled., Status:404
14-11-2022 20:20:6:=> Res:  Message:Cannot overwrite `card` model once compiled., Status:404
14-11-2022 20:20:6:=> Res:  Message:Cannot overwrite `card` model once compiled., Status:404
14-11-2022 20:20:6:=> Res:  Message:Cannot overwrite `card` model once compiled., Status:404
14-11-2022 20:21:13:=> Res:  Message:Cannot overwrite `card` model once compiled., Status:404
14-11-2022 20:21:13:=> Res:  Message:Cannot overwrite `card` model once compiled., Status:404
14-11-2022 20:21:13:=> Res:  Message:Cannot overwrite `card` model once compiled., Status:404
14-11-2022 20:21:13:=> Res:  Message:Cannot overwrite `card` model once compiled., Status:404
14-11-2022 20:21:13:=> Res:  Message:Cannot overwrite `card` model once compiled., Status:404
14-11-2022 20:21:13:=> Res:  Message:Cannot overwrite `card` model once compiled., Status:404
14-11-2022 20:21:13:=> Res:  Message:Cannot overwrite `card` model once compiled., Status:404
14-11-2022 20:21:46:=> Res:  Message:Cannot overwrite `card` model once compiled., Status:404
14-11-2022 20:21:46:=> Res:  Message:Cannot overwrite `card` model once compiled., Status:404
14-11-2022 20:21:46:=> Res:  Message:Cannot overwrite `card` model once compiled., Status:404
14-11-2022 20:21:46:=> Res:  Message:Cannot overwrite `card` model once compiled., Status:404
14-11-2022 20:22:39:=> Res:  Message:Cannot overwrite `card` model once compiled., Status:404
14-11-2022 20:22:39:=> Res:  Message:Cannot overwrite `card` model once compiled., Status:404
14-11-2022 20:22:39:=> Res:  Message:Cannot overwrite `card` model once compiled., Status:404
14-11-2022 20:22:39:=> Res:  Message:Cannot overwrite `card` model once compiled., Status:404
14-11-2022 20:22:39:=> Res:  Message:Cannot overwrite `card` model once compiled., Status:404
14-11-2022 20:22:39:=> Res:  Message:Cannot overwrite `card` model once compiled., Status:404
14-11-2022 20:22:39:=> Res:  Message:Cannot overwrite `card` model once compiled., Status:404
14-11-2022 20:22:39:=> Res:  Message:Cannot overwrite `card` model once compiled., Status:404
14-11-2022 20:22:39:=> Res:  Message:Cannot overwrite `card` model once compiled., Status:404
14-11-2022 20:25:48:=> Res:  Message:Cannot overwrite `card` model once compiled., Status:404
14-11-2022 20:25:48:=> Res:  Message:Cannot overwrite `card` model once compiled., Status:404
14-11-2022 20:32:50:=> Res:  Message:E11000 duplicate key error collection: business-card-app.cards index: email_1 dup key: { email: "i@imiro.co.il" }, Status:404
14-11-2022 20:46:10:=> Res:  Message:E11000 duplicate key error collection: business-card-app.cards index: email_1 dup key: { email: "i@imiro.co.il" }, Status:404
14-11-2022 20:46:10:=> Res:  Message:Cannot overwrite `card` model once compiled., Status:404
14-11-2022 20:46:10:=> Res:  Message:Cannot overwrite `card` model once compiled., Status:404
14-11-2022 20:46:10:=> Res:  Message:Cannot overwrite `card` model once compiled., Status:404
14-11-2022 20:50:28:=> Res:  Message:Cannot overwrite `card` model once compiled., Status:404
14-11-2022 20:50:28:=> Res:  Message:Cannot overwrite `card` model once compiled., Status:404
14-11-2022 20:50:28:=> Res:  Message:Cannot overwrite `card` model once compiled., Status:404
14-11-2022 20:50:28:=> Res:  Message:Cannot overwrite `card` model once compiled., Status:404
14-11-2022 20:50:28:=> Res:  Message:Cannot overwrite `card` model once compiled., Status:404
14-11-2022 20:50:28:=> Res:  Message:Cannot overwrite `card` model once compiled., Status:404
14-11-2022 20:50:28:=> Res:  Message:Cannot overwrite `card` model once compiled., Status:404
14-11-2022 20:50:28:=> Res:  Message:Cannot overwrite `card` model once compiled., Status:404
14-11-2022 20:51:5:=> Res:  Message:card validation failed: phone: Path `phone` is invalid (9942412241)., Status:404
14-11-2022 20:51:5:=> Res:  Message:Cannot overwrite `card` model once compiled., Status:404
14-11-2022 20:51:5:=> Res:  Message:Cannot overwrite `card` model once compiled., Status:404
14-11-2022 20:51:5:=> Res:  Message:Cannot overwrite `card` model once compiled., Status:404
14-11-2022 20:51:5:=> Res:  Message:Cannot overwrite `card` model once compiled., Status:404
14-11-2022 20:51:5:=> Res:  Message:Cannot overwrite `card` model once compiled., Status:404
14-11-2022 20:51:5:=> Res:  Message:Cannot overwrite `card` model once compiled., Status:404
14-11-2022 20:51:5:=> Res:  Message:Cannot overwrite `card` model once compiled., Status:404
14-11-2022 20:51:5:=> Res:  Message:Cannot overwrite `card` model once compiled., Status:404
14-11-2022 20:51:5:=> Res:  Message:Cannot overwrite `card` model once compiled., Status:404
14-11-2022 20:51:5:=> Res:  Message:Cannot overwrite `card` model once compiled., Status:404
14-11-2022 20:51:5:=> Res:  Message:Cannot overwrite `card` model once compiled., Status:404
14-11-2022 20:51:5:=> Res:  Message:Cannot overwrite `card` model once compiled., Status:404
14-11-2022 20:51:5:=> Res:  Message:Cannot overwrite `card` model once compiled., Status:404
14-11-2022 20:51:5:=> Res:  Message:Cannot overwrite `card` model once compiled., Status:404
14-11-2022 20:51:5:=> Res:  Message:Cannot overwrite `card` model once compiled., Status:404
14-11-2022 20:51:5:=> Res:  Message:Cannot overwrite `card` model once compiled., Status:404
14-11-2022 20:54:27:=> Res:  Message:Cannot overwrite `card` model once compiled., Status:404
14-11-2022 20:54:27:=> Res:  Message:Cannot overwrite `card` model once compiled., Status:404
14-11-2022 20:54:27:=> Res:  Message:Cannot overwrite `card` model once compiled., Status:404
14-11-2022 21:23:26:=> Res:  Message:Unexpected token } in JSON at position 487, Status:500
14-11-2022 21:23:54:=> Res:  Message:Unexpected token } in JSON at position 484, Status:500
14-11-2022 21:23:54:=> Res:  Message:card validation failed: bizNumber: Cast to Number failed for value "fdsfds" (type string) at path "bizNumber", web: Path `web` is invalid (Miros.ml)., Status:404
14-11-2022 21:23:54:=> Res:  Message:card validation failed: bizNumber: Cast to Number failed for value "fdsfds" (type string) at path "bizNumber", Status:404