5-12-2022:=> Message:אחד הפרטים לא נכונים, Status:403
5-12-2022 20:31:59:=> Res:  Message:אחד הפרטים לא נכונים, Status:403
5-12-2022 21:2:58:=> Res:  Message:Please Login, Status:401
5-12-2022 21:9:0:=> Res:  Message:E11000 duplicate key error collection: business-card-app.cards index: email_1 dup key: { email: "i@miro.co.sad" }, Status:404
5-12-2022 21:33:5:=> Res:  Message:Cannot read properties of undefined (reading '_id'), Status:404
5-12-2022 21:33:54:=> Res:  Message:Cannot read properties of undefined (reading '_id'), Status:404
5-12-2022 21:34:21:=> Res:  Message:Cannot read properties of undefined (reading '_id'), Status:404
5-12-2022 21:34:31:=> Res:  Message:Please Login, Status:401
5-12-2022 21:34:31:=> Res:  Message:אתה לא מורשה לערוך כרטיס זה, Status:404
5-12-2022 21:35:24:=> Res:  Message:אתה לא מורשה לערוך כרטיס זה, Status:404
5-12-2022 21:35:24:=> Res:  Message:אתה לא מורשה לערוך כרטיס זה, Status:404
5-12-2022 21:36:29:=> Res:  Message:אתה לא מורשה לערוך כרטיס זה, Status:404
5-12-2022 21:37:0:=> Res:  Message:אתה לא מורשה לערוך כרטיס זה, Status:404
5-12-2022 21:37:34:=> Res:  Message:אתה לא מורשה לערוך כרטיס זה, Status:404
5-12-2022 21:38:39:=> Res:  Message:אתה לא מורשה לערוך כרטיס זה, Status:404
5-12-2022 21:38:39:=> Res:  Message:Plan executor error during findAndModify :: caused by :: E11000 duplicate key error collection: business-card-app.cards index: email_1 dup key: { email: "i@imiro.co.il" }, Status:404
5-12-2022 21:42:22:=> Res:  Message:אתה לא מורשה לערוך כרטיס זה, Status:404
5-12-2022 21:58:20:=> Res:  Message:לא נמצאו נתונים במסד הנתונים, Status:404
5-12-2022 21:58:20:=> Res:  Message:לא נמצאו נתונים במסד הנתונים, Status:404
5-12-2022 21:58:20:=> Res:  Message:אתה לא מורשה למחוק כרטיס זה, Status:404
5-12-2022 22:5:27:=> Res:  Message:לא נמצאו נתונים במסד הנתונים, Status:404
5-12-2022 22:5:27:=> Res:  Message:לא נמצאו נתונים במסד הנתונים, Status:404
5-12-2022 22:42:28:=> Res:  Message:אתה לא מנהל, Status:500
5-12-2022 22:42:28:=> Res:  Message:אתה לא מנהל, Status:500
5-12-2022 22:42:28:=> Res:  Message:אתה לא מנהל, Status:500
5-12-2022 22:42:28:=> Res:  Message:אתה לא מנהל, Status:500
5-12-2022 22:42:28:=> Res:  Message:אתה לא מנהל, Status:500
5-12-2022 22:42:28:=> Res:  Message:אתה לא מנהל, Status:500
5-12-2022 22:45:15:=> Res:  Message:קיים מספר עסק כזה, Status:404
5-12-2022 22:45:15:=> Res:  Message:קיים מספר עסק כזה, Status:404
5-12-2022 22:45:37:=> Res:  Message:קיים מספר עסק כזה, Status:404
5-12-2022 22:45:37:=> Res:  Message:קיים מספר עסק כזה, Status:404
5-12-2022 22:55:48:=> Res:  Message:קיים מספר עסק כזה, Status:404
5-12-2022 22:56:26:=> Res:  Message:קיים מספר עסק כזה, Status:404
5-12-2022 22:57:16:=> Res:  Message:קיים מספר עסק כזה, Status:404
5-12-2022 22:57:16:=> Res:  Message:קיים מספר עסק כזה, Status:404
5-12-2022 23:0:10:=> Res:  Message:קיים מספר עסק כזה, Status:404
5-12-2022 23:16:44:=> Res:  Message:אחד הפרטים לא נכונים, Status:403
5-12-2022 23:17:27:=> Res:  Message:אחד הפרטים לא נכונים, Status:403
5-12-2022 23:17:27:=> Res:  Message:אחד הפרטים לא נכונים, Status:403
5-12-2022 23:17:27:=> Res:  Message:אחד הפרטים לא נכונים, Status:403
5-12-2022 23:21:3:=> Res:  Message:אחד הפרטים לא נכונים, Status:403
5-12-2022 23:35:32:=> Res:  Message:אחד הפרטים לא נכונים, Status:403
5-12-2022 23:35:32:=> Res:  Message:Cannot read properties of null (reading 'count'), Status:403
5-12-2022 23:35:32:=> Res:  Message:אחד הפרטים לא נכונים, Status:403
5-12-2022 23:35:32:=> Res:  Message:אחד הפרטים לא נכונים, Status:403
5-12-2022 23:38:3:=> Res:  Message:Cannot read properties of null (reading 'count'), Status:403
5-12-2022 23:38:3:=> Res:  Message:אחד הפרטים לא נכונים, Status:403
5-12-2022 23:38:3:=> Res:  Message:אחד הפרטים לא נכונים, Status:403
5-12-2022 23:39:4:=> Res:  Message:Cannot read properties of null (reading 'count'), Status:403
5-12-2022 23:39:4:=> Res:  Message:אחד הפרטים לא נכונים, Status:403
5-12-2022 23:39:4:=> Res:  Message:אחד הפרטים לא נכונים, Status:403
5-12-2022 23:40:1:=> Res:  Message:Cannot read properties of null (reading 'count'), Status:403
5-12-2022 23:40:1:=> Res:  Message:אחד הפרטים לא נכונים, Status:403
5-12-2022 23:40:1:=> Res:  Message:אחד הפרטים לא נכונים, Status:403
5-12-2022 23:40:1:=> Res:  Message:Cannot read properties of null (reading 'count'), Status:403
5-12-2022 23:40:1:=> Res:  Message:אחד הפרטים לא נכונים, Status:403
5-12-2022 23:40:1:=> Res:  Message:אחד הפרטים לא נכונים, Status:403
5-12-2022 23:40:1:=> Res:  Message:Cannot read properties of null (reading 'count'), Status:403
5-12-2022 23:40:1:=> Res:  Message:אחד הפרטים לא נכונים, Status:403
5-12-2022 23:40:1:=> Res:  Message:אחד הפרטים לא נכונים, Status:403
5-12-2022 23:42:33:=> Res:  Message:Cannot read properties of null (reading 'count'), Status:403
5-12-2022 23:42:33:=> Res:  Message:אחד הפרטים לא נכונים, Status:403
5-12-2022 23:42:33:=> Res:  Message:אחד הפרטים לא נכונים, Status:403
5-12-2022 23:42:33:=> Res:  Message:Cannot read properties of null (reading 'count'), Status:403
5-12-2022 23:42:33:=> Res:  Message:אחד הפרטים לא נכונים, Status:403
5-12-2022 23:42:33:=> Res:  Message:אחד הפרטים לא נכונים, Status:403
5-12-2022 23:45:47:=> Res:  Message:Cannot read properties of null (reading 'count'), Status:403
5-12-2022 23:45:47:=> Res:  Message:אחד הפרטים לא נכונים, Status:403
5-12-2022 23:45:47:=> Res:  Message:NextDay is not defined, Status:403
5-12-2022 23:46:28:=> Res:  Message:אחד הפרטים לא נכונים, Status:403
5-12-2022 23:46:28:=> Res:  Message:Cannot read properties of null (reading 'count'), Status:403
5-12-2022 23:46:28:=> Res:  Message:אחד הפרטים לא נכונים, Status:403
5-12-2022 23:46:28:=> Res:  Message:אחד הפרטים לא נכונים, Status:403
5-12-2022 23:48:7:=> Res:  Message:Cannot read properties of null (reading 'count'), Status:403
5-12-2022 23:48:7:=> Res:  Message:אחד הפרטים לא נכונים, Status:403
5-12-2022 23:48:7:=> Res:  Message:אחד הפרטים לא נכונים, Status:403
5-12-2022 23:48:45:=> Res:  Message:Cannot read properties of null (reading 'count'), Status:403
5-12-2022 23:48:45:=> Res:  Message:אחד הפרטים לא נכונים, Status:403
5-12-2022 23:48:45:=> Res:  Message:אחד הפרטים לא נכונים, Status:403
5-12-2022 23:51:32:=> Res:  Message:Cannot read properties of null (reading 'count'), Status:403
5-12-2022 23:51:32:=> Res:  Message:אחד הפרטים לא נכונים, Status:403
5-12-2022 23:51:32:=> Res:  Message:אחד הפרטים לא נכונים, Status:403
5-12-2022 23:53:40:=> Res:  Message:Cannot read properties of null (reading 'count'), Status:403
5-12-2022 23:53:40:=> Res:  Message:אחד הפרטים לא נכונים, Status:403
5-12-2022 23:53:40:=> Res:  Message:אחד הפרטים לא נכונים, Status:403
5-12-2022 23:55:51:=> Res:  Message:Cannot read properties of null (reading 'count'), Status:403
5-12-2022 23:55:51:=> Res:  Message:אחד הפרטים לא נכונים, Status:403
5-12-2022 23:55:51:=> Res:  Message:NextDay is not defined, Status:403
5-12-2022 23:56:34:=> Res:  Message:יש לחכות עוד 24 שעות כדי להתחבר, Status:403
5-12-2022 23:56:34:=> Res:  Message:יש לחכות עוד 24 שעות כדי להתחבר, Status:403
5-12-2022 23:56:34:=> Res:  Message:יש לחכות עוד 24 שעות כדי להתחבר, Status:403
5-12-2022 23:56:34:=> Res:  Message:יש לחכות עוד 24 שעות כדי להתחבר, Status:403
5-12-2022 23:56:34:=> Res:  Message:יש לחכות עוד 24 שעות כדי להתחבר, Status:403
5-12-2022 23:56:34:=> Res:  Message:יש לחכות עוד 24 שעות כדי להתחבר, Status:403
5-12-2022 23:56:34:=> Res:  Message:יש לחכות עוד 24 שעות כדי להתחבר, Status:403
5-12-2022 23:56:34:=> Res:  Message:יש לחכות עוד 24 שעות כדי להתחבר, Status:403
5-12-2022 23:56:34:=> Res:  Message:יש לחכות עוד 24 שעות כדי להתחבר, Status:403
5-12-2022 23:56:34:=> Res:  Message:יש לחכות עוד 24 שעות כדי להתחבר, Status:403
5-12-2022 23:56:34:=> Res:  Message:יש לחכות עוד 24 שעות כדי להתחבר, Status:403
5-12-2022 23:56:34:=> Res:  Message:יש לחכות עוד 24 שעות כדי להתחבר, Status:403
5-12-2022 23:56:34:=> Res:  Message:יש לחכות עוד 24 שעות כדי להתחבר, Status:403
5-12-2022 23:58:6:=> Res:  Message:יש לחכות עוד 24 שעות כדי להתחבר, Status:403
5-12-2022 23:58:6:=> Res:  Message:יש לחכות עוד 24 שעות כדי להתחבר, Status:403
5-12-2022 23:58:6:=> Res:  Message:יש לחכות עוד 24 שעות כדי להתחבר, Status:403
5-12-2022 23:58:6:=> Res:  Message:Cannot read properties of null (reading 'count'), Status:403